<?xml version="1.0" encoding="UTF-8"?>
<!-- Generated by org.testng.reporters.JUnitReportReporter -->
<testsuite hostname="DESKTOP-QDO6N27" failures="0" tests="5" name="peoplegroveTest.jobsTest" time="41.829" errors="0" timestamp="2023-04-29T20:48:19 IST" skipped="1">
  <testcase classname="peoplegroveTest.jobsTest" name="selectJobs" time="24.535"/>
  <system-out/>
  <testcase classname="peoplegroveTest.jobsTest" name="clickonjob" time="0.315"/>
  <system-out/>
  <testcase classname="peoplegroveTest.jobsTest" name="clickonconvo" time="3.164"/>
  <system-out/>
  <testcase classname="peoplegroveTest.jobsTest" name="sendmsg" time="13.815"/>
  <system-out/>
  <testcase classname="peoplegroveTest.jobsTest" name="actions">
    <skipped/>
  </testcase> <!-- actions -->
  <system-out/>
</testsuite> <!-- peoplegroveTest.jobsTest -->
