<?xml version="1.0" encoding="UTF-8"?>
<!-- Generated by org.testng.reporters.JUnitReportReporter -->
<testsuite hostname="3GBGVKH-SRISHTY" failures="0" tests="6" name="peoplegroveTest.jobsTest" time="26.116" errors="0" timestamp="2023-05-02T15:56:42 IST" skipped="0">
  <testcase classname="peoplegroveTest.jobsTest" name="selectJobs" time="0.794"/>
  <system-out/>
  <testcase classname="peoplegroveTest.jobsTest" name="clickonjob" time="2.825"/>
  <system-out/>
  <testcase classname="peoplegroveTest.jobsTest" name="clickonconvo" time="0.791"/>
  <system-out/>
  <testcase classname="peoplegroveTest.jobsTest" name="sendmsg" time="7.940"/>
  <system-out/>
  <testcase classname="peoplegroveTest.jobsTest" name="actions" time="10.285"/>
  <system-out/>
  <testcase classname="peoplegroveTest.jobsTest" name="verify" time="3.481"/>
  <system-out/>
</testsuite> <!-- peoplegroveTest.jobsTest -->
