<?xml version="1.0" encoding="UTF-8"?>
<!-- Generated by org.testng.reporters.JUnitReportReporter -->
<testsuite hostname="3GBGVKH-SRISHTY" failures="0" tests="2" name="peoplegroveTest.careerPathsTest" time="39.346" errors="0" timestamp="2023-05-02T15:56:42 IST" skipped="0">
  <testcase classname="peoplegroveTest.careerPathsTest" name="clickcareerpath" time="19.759"/>
  <system-out/>
  <testcase classname="peoplegroveTest.careerPathsTest" name="clickonjobs" time="19.587"/>
  <system-out/>
</testsuite> <!-- peoplegroveTest.careerPathsTest -->
